<?xml version="1.0" encoding="UTF-8"?>
<testsuite xmlns:xsi="http://www.w3.org/2001/XMLSchema-instance" xsi:noNamespaceSchemaLocation="https://maven.apache.org/surefire/maven-surefire-plugin/xsd/surefire-test-report.xsd" name="com.example.edu.cms.CmsApplicationTests" time="5.636" tests="1" errors="0" skipped="0" failures="0">
  <properties>
    <property name="sun.desktop" value="windows"/>
    <property name="awt.toolkit" value="sun.awt.windows.WToolkit"/>
    <property name="file.encoding.pkg" value="sun.io"/>
    <property name="java.specification.version" value="1.8"/>
    <property name="sun.cpu.isalist" value="amd64"/>
    <property name="sun.jnu.encoding" value="GBK"/>
    <property name="java.class.path" value="E:\javaWork\edu-cms\target\test-classes;E:\javaWork\edu-cms\target\classes;E:\repository\org\springframework\boot\spring-boot-starter-web\2.6.1\spring-boot-starter-web-2.6.1.jar;E:\repository\org\springframework\boot\spring-boot-starter\2.6.1\spring-boot-starter-2.6.1.jar;E:\repository\org\springframework\boot\spring-boot\2.6.1\spring-boot-2.6.1.jar;E:\repository\org\springframework\boot\spring-boot-autoconfigure\2.6.1\spring-boot-autoconfigure-2.6.1.jar;E:\repository\org\springframework\boot\spring-boot-starter-logging\2.6.1\spring-boot-starter-logging-2.6.1.jar;E:\repository\ch\qos\logback\logback-classic\1.2.7\logback-classic-1.2.7.jar;E:\repository\ch\qos\logback\logback-core\1.2.7\logback-core-1.2.7.jar;E:\repository\org\apache\logging\log4j\log4j-to-slf4j\2.14.1\log4j-to-slf4j-2.14.1.jar;E:\repository\org\apache\logging\log4j\log4j-api\2.14.1\log4j-api-2.14.1.jar;E:\repository\org\slf4j\jul-to-slf4j\1.7.32\jul-to-slf4j-1.7.32.jar;E:\repository\jakarta\annotation\jakarta.annotation-api\1.3.5\jakarta.annotation-api-1.3.5.jar;E:\repository\org\yaml\snakeyaml\1.29\snakeyaml-1.29.jar;E:\repository\org\springframework\boot\spring-boot-starter-json\2.6.1\spring-boot-starter-json-2.6.1.jar;E:\repository\com\fasterxml\jackson\core\jackson-databind\2.13.0\jackson-databind-2.13.0.jar;E:\repository\com\fasterxml\jackson\core\jackson-annotations\2.13.0\jackson-annotations-2.13.0.jar;E:\repository\com\fasterxml\jackson\core\jackson-core\2.13.0\jackson-core-2.13.0.jar;E:\repository\com\fasterxml\jackson\datatype\jackson-datatype-jdk8\2.13.0\jackson-datatype-jdk8-2.13.0.jar;E:\repository\com\fasterxml\jackson\datatype\jackson-datatype-jsr310\2.13.0\jackson-datatype-jsr310-2.13.0.jar;E:\repository\com\fasterxml\jackson\module\jackson-module-parameter-names\2.13.0\jackson-module-parameter-names-2.13.0.jar;E:\repository\org\springframework\boot\spring-boot-starter-tomcat\2.6.1\spring-boot-starter-tomcat-2.6.1.jar;E:\repository\org\apache\tomcat\embed\tomcat-embed-core\9.0.55\tomcat-embed-core-9.0.55.jar;E:\repository\org\apache\tomcat\embed\tomcat-embed-el\9.0.55\tomcat-embed-el-9.0.55.jar;E:\repository\org\apache\tomcat\embed\tomcat-embed-websocket\9.0.55\tomcat-embed-websocket-9.0.55.jar;E:\repository\org\springframework\spring-web\5.3.13\spring-web-5.3.13.jar;E:\repository\org\springframework\spring-beans\5.3.13\spring-beans-5.3.13.jar;E:\repository\org\springframework\spring-webmvc\5.3.13\spring-webmvc-5.3.13.jar;E:\repository\org\springframework\spring-aop\5.3.13\spring-aop-5.3.13.jar;E:\repository\org\springframework\spring-context\5.3.13\spring-context-5.3.13.jar;E:\repository\org\springframework\spring-expression\5.3.13\spring-expression-5.3.13.jar;E:\repository\mysql\mysql-connector-java\8.0.27\mysql-connector-java-8.0.27.jar;E:\repository\org\springframework\boot\spring-boot-starter-test\2.6.1\spring-boot-starter-test-2.6.1.jar;E:\repository\org\springframework\boot\spring-boot-test\2.6.1\spring-boot-test-2.6.1.jar;E:\repository\org\springframework\boot\spring-boot-test-autoconfigure\2.6.1\spring-boot-test-autoconfigure-2.6.1.jar;E:\repository\com\jayway\jsonpath\json-path\2.6.0\json-path-2.6.0.jar;E:\repository\net\minidev\json-smart\2.4.7\json-smart-2.4.7.jar;E:\repository\net\minidev\accessors-smart\2.4.7\accessors-smart-2.4.7.jar;E:\repository\org\ow2\asm\asm\9.1\asm-9.1.jar;E:\repository\org\slf4j\slf4j-api\1.7.32\slf4j-api-1.7.32.jar;E:\repository\jakarta\xml\bind\jakarta.xml.bind-api\2.3.3\jakarta.xml.bind-api-2.3.3.jar;E:\repository\jakarta\activation\jakarta.activation-api\1.2.2\jakarta.activation-api-1.2.2.jar;E:\repository\org\assertj\assertj-core\3.21.0\assertj-core-3.21.0.jar;E:\repository\org\hamcrest\hamcrest\2.2\hamcrest-2.2.jar;E:\repository\org\junit\jupiter\junit-jupiter\5.8.1\junit-jupiter-5.8.1.jar;E:\repository\org\junit\jupiter\junit-jupiter-api\5.8.1\junit-jupiter-api-5.8.1.jar;E:\repository\org\opentest4j\opentest4j\1.2.0\opentest4j-1.2.0.jar;E:\repository\org\junit\platform\junit-platform-commons\1.8.1\junit-platform-commons-1.8.1.jar;E:\repository\org\apiguardian\apiguardian-api\1.1.2\apiguardian-api-1.1.2.jar;E:\repository\org\junit\jupiter\junit-jupiter-params\5.8.1\junit-jupiter-params-5.8.1.jar;E:\repository\org\junit\jupiter\junit-jupiter-engine\5.8.1\junit-jupiter-engine-5.8.1.jar;E:\repository\org\junit\platform\junit-platform-engine\1.8.1\junit-platform-engine-1.8.1.jar;E:\repository\org\mockito\mockito-core\4.0.0\mockito-core-4.0.0.jar;E:\repository\net\bytebuddy\byte-buddy\1.11.22\byte-buddy-1.11.22.jar;E:\repository\net\bytebuddy\byte-buddy-agent\1.11.22\byte-buddy-agent-1.11.22.jar;E:\repository\org\objenesis\objenesis\3.2\objenesis-3.2.jar;E:\repository\org\mockito\mockito-junit-jupiter\4.0.0\mockito-junit-jupiter-4.0.0.jar;E:\repository\org\skyscreamer\jsonassert\1.5.0\jsonassert-1.5.0.jar;E:\repository\com\vaadin\external\google\android-json\0.0.20131108.vaadin1\android-json-0.0.20131108.vaadin1.jar;E:\repository\org\springframework\spring-core\5.3.13\spring-core-5.3.13.jar;E:\repository\org\springframework\spring-jcl\5.3.13\spring-jcl-5.3.13.jar;E:\repository\org\springframework\spring-test\5.3.13\spring-test-5.3.13.jar;E:\repository\org\xmlunit\xmlunit-core\2.8.3\xmlunit-core-2.8.3.jar;E:\repository\org\mybatis\spring\boot\mybatis-spring-boot-starter\2.1.4\mybatis-spring-boot-starter-2.1.4.jar;E:\repository\org\springframework\boot\spring-boot-starter-jdbc\2.6.1\spring-boot-starter-jdbc-2.6.1.jar;E:\repository\com\zaxxer\HikariCP\4.0.3\HikariCP-4.0.3.jar;E:\repository\org\springframework\spring-jdbc\5.3.13\spring-jdbc-5.3.13.jar;E:\repository\org\springframework\spring-tx\5.3.13\spring-tx-5.3.13.jar;E:\repository\org\mybatis\spring\boot\mybatis-spring-boot-autoconfigure\2.1.4\mybatis-spring-boot-autoconfigure-2.1.4.jar;E:\repository\org\mybatis\mybatis\3.5.6\mybatis-3.5.6.jar;E:\repository\org\mybatis\mybatis-spring\2.0.6\mybatis-spring-2.0.6.jar;"/>
    <property name="java.vm.vendor" value="Oracle Corporation"/>
    <property name="sun.arch.data.model" value="64"/>
    <property name="user.variant" value=""/>
    <property name="java.vendor.url" value="http://java.oracle.com/"/>
    <property name="user.timezone" value="Asia/Shanghai"/>
    <property name="java.vm.specification.version" value="1.8"/>
    <property name="os.name" value="Windows 10"/>
    <property name="user.country" value="CN"/>
    <property name="sun.java.launcher" value="SUN_STANDARD"/>
    <property name="sun.boot.library.path" value="E:\Program Files\Java\jdk1.8.0_151\javaone\jre\bin"/>
    <property name="sun.java.command" value="C:\Users\ADMINI~1\AppData\Local\Temp\surefire3476582261615887836\surefirebooter9135461047999245821.jar C:\Users\Administrator\AppData\Local\Temp\surefire3476582261615887836 2021-12-05T11-46-53_652-jvmRun1 surefire5231242766918826992tmp surefire_07218290151119268815tmp"/>
    <property name="surefire.test.class.path" value="E:\javaWork\edu-cms\target\test-classes;E:\javaWork\edu-cms\target\classes;E:\repository\org\springframework\boot\spring-boot-starter-web\2.6.1\spring-boot-starter-web-2.6.1.jar;E:\repository\org\springframework\boot\spring-boot-starter\2.6.1\spring-boot-starter-2.6.1.jar;E:\repository\org\springframework\boot\spring-boot\2.6.1\spring-boot-2.6.1.jar;E:\repository\org\springframework\boot\spring-boot-autoconfigure\2.6.1\spring-boot-autoconfigure-2.6.1.jar;E:\repository\org\springframework\boot\spring-boot-starter-logging\2.6.1\spring-boot-starter-logging-2.6.1.jar;E:\repository\ch\qos\logback\logback-classic\1.2.7\logback-classic-1.2.7.jar;E:\repository\ch\qos\logback\logback-core\1.2.7\logback-core-1.2.7.jar;E:\repository\org\apache\logging\log4j\log4j-to-slf4j\2.14.1\log4j-to-slf4j-2.14.1.jar;E:\repository\org\apache\logging\log4j\log4j-api\2.14.1\log4j-api-2.14.1.jar;E:\repository\org\slf4j\jul-to-slf4j\1.7.32\jul-to-slf4j-1.7.32.jar;E:\repository\jakarta\annotation\jakarta.annotation-api\1.3.5\jakarta.annotation-api-1.3.5.jar;E:\repository\org\yaml\snakeyaml\1.29\snakeyaml-1.29.jar;E:\repository\org\springframework\boot\spring-boot-starter-json\2.6.1\spring-boot-starter-json-2.6.1.jar;E:\repository\com\fasterxml\jackson\core\jackson-databind\2.13.0\jackson-databind-2.13.0.jar;E:\repository\com\fasterxml\jackson\core\jackson-annotations\2.13.0\jackson-annotations-2.13.0.jar;E:\repository\com\fasterxml\jackson\core\jackson-core\2.13.0\jackson-core-2.13.0.jar;E:\repository\com\fasterxml\jackson\datatype\jackson-datatype-jdk8\2.13.0\jackson-datatype-jdk8-2.13.0.jar;E:\repository\com\fasterxml\jackson\datatype\jackson-datatype-jsr310\2.13.0\jackson-datatype-jsr310-2.13.0.jar;E:\repository\com\fasterxml\jackson\module\jackson-module-parameter-names\2.13.0\jackson-module-parameter-names-2.13.0.jar;E:\repository\org\springframework\boot\spring-boot-starter-tomcat\2.6.1\spring-boot-starter-tomcat-2.6.1.jar;E:\repository\org\apache\tomcat\embed\tomcat-embed-core\9.0.55\tomcat-embed-core-9.0.55.jar;E:\repository\org\apache\tomcat\embed\tomcat-embed-el\9.0.55\tomcat-embed-el-9.0.55.jar;E:\repository\org\apache\tomcat\embed\tomcat-embed-websocket\9.0.55\tomcat-embed-websocket-9.0.55.jar;E:\repository\org\springframework\spring-web\5.3.13\spring-web-5.3.13.jar;E:\repository\org\springframework\spring-beans\5.3.13\spring-beans-5.3.13.jar;E:\repository\org\springframework\spring-webmvc\5.3.13\spring-webmvc-5.3.13.jar;E:\repository\org\springframework\spring-aop\5.3.13\spring-aop-5.3.13.jar;E:\repository\org\springframework\spring-context\5.3.13\spring-context-5.3.13.jar;E:\repository\org\springframework\spring-expression\5.3.13\spring-expression-5.3.13.jar;E:\repository\mysql\mysql-connector-java\8.0.27\mysql-connector-java-8.0.27.jar;E:\repository\org\springframework\boot\spring-boot-starter-test\2.6.1\spring-boot-starter-test-2.6.1.jar;E:\repository\org\springframework\boot\spring-boot-test\2.6.1\spring-boot-test-2.6.1.jar;E:\repository\org\springframework\boot\spring-boot-test-autoconfigure\2.6.1\spring-boot-test-autoconfigure-2.6.1.jar;E:\repository\com\jayway\jsonpath\json-path\2.6.0\json-path-2.6.0.jar;E:\repository\net\minidev\json-smart\2.4.7\json-smart-2.4.7.jar;E:\repository\net\minidev\accessors-smart\2.4.7\accessors-smart-2.4.7.jar;E:\repository\org\ow2\asm\asm\9.1\asm-9.1.jar;E:\repository\org\slf4j\slf4j-api\1.7.32\slf4j-api-1.7.32.jar;E:\repository\jakarta\xml\bind\jakarta.xml.bind-api\2.3.3\jakarta.xml.bind-api-2.3.3.jar;E:\repository\jakarta\activation\jakarta.activation-api\1.2.2\jakarta.activation-api-1.2.2.jar;E:\repository\org\assertj\assertj-core\3.21.0\assertj-core-3.21.0.jar;E:\repository\org\hamcrest\hamcrest\2.2\hamcrest-2.2.jar;E:\repository\org\junit\jupiter\junit-jupiter\5.8.1\junit-jupiter-5.8.1.jar;E:\repository\org\junit\jupiter\junit-jupiter-api\5.8.1\junit-jupiter-api-5.8.1.jar;E:\repository\org\opentest4j\opentest4j\1.2.0\opentest4j-1.2.0.jar;E:\repository\org\junit\platform\junit-platform-commons\1.8.1\junit-platform-commons-1.8.1.jar;E:\repository\org\apiguardian\apiguardian-api\1.1.2\apiguardian-api-1.1.2.jar;E:\repository\org\junit\jupiter\junit-jupiter-params\5.8.1\junit-jupiter-params-5.8.1.jar;E:\repository\org\junit\jupiter\junit-jupiter-engine\5.8.1\junit-jupiter-engine-5.8.1.jar;E:\repository\org\junit\platform\junit-platform-engine\1.8.1\junit-platform-engine-1.8.1.jar;E:\repository\org\mockito\mockito-core\4.0.0\mockito-core-4.0.0.jar;E:\repository\net\bytebuddy\byte-buddy\1.11.22\byte-buddy-1.11.22.jar;E:\repository\net\bytebuddy\byte-buddy-agent\1.11.22\byte-buddy-agent-1.11.22.jar;E:\repository\org\objenesis\objenesis\3.2\objenesis-3.2.jar;E:\repository\org\mockito\mockito-junit-jupiter\4.0.0\mockito-junit-jupiter-4.0.0.jar;E:\repository\org\skyscreamer\jsonassert\1.5.0\jsonassert-1.5.0.jar;E:\repository\com\vaadin\external\google\android-json\0.0.20131108.vaadin1\android-json-0.0.20131108.vaadin1.jar;E:\repository\org\springframework\spring-core\5.3.13\spring-core-5.3.13.jar;E:\repository\org\springframework\spring-jcl\5.3.13\spring-jcl-5.3.13.jar;E:\repository\org\springframework\spring-test\5.3.13\spring-test-5.3.13.jar;E:\repository\org\xmlunit\xmlunit-core\2.8.3\xmlunit-core-2.8.3.jar;E:\repository\org\mybatis\spring\boot\mybatis-spring-boot-starter\2.1.4\mybatis-spring-boot-starter-2.1.4.jar;E:\repository\org\springframework\boot\spring-boot-starter-jdbc\2.6.1\spring-boot-starter-jdbc-2.6.1.jar;E:\repository\com\zaxxer\HikariCP\4.0.3\HikariCP-4.0.3.jar;E:\repository\org\springframework\spring-jdbc\5.3.13\spring-jdbc-5.3.13.jar;E:\repository\org\springframework\spring-tx\5.3.13\spring-tx-5.3.13.jar;E:\repository\org\mybatis\spring\boot\mybatis-spring-boot-autoconfigure\2.1.4\mybatis-spring-boot-autoconfigure-2.1.4.jar;E:\repository\org\mybatis\mybatis\3.5.6\mybatis-3.5.6.jar;E:\repository\org\mybatis\mybatis-spring\2.0.6\mybatis-spring-2.0.6.jar;"/>
    <property name="sun.cpu.endian" value="little"/>
    <property name="user.home" value="C:\Users\Administrator"/>
    <property name="user.language" value="zh"/>
    <property name="java.specification.vendor" value="Oracle Corporation"/>
    <property name="java.home" value="E:\Program Files\Java\jdk1.8.0_151\javaone\jre"/>
    <property name="basedir" value="E:\javaWork\edu-cms"/>
    <property name="file.separator" value="\"/>
    <property name="line.separator" value="&#10;"/>
    <property name="java.vm.specification.vendor" value="Oracle Corporation"/>
    <property name="java.specification.name" value="Java Platform API Specification"/>
    <property name="java.awt.graphicsenv" value="sun.awt.Win32GraphicsEnvironment"/>
    <property name="surefire.real.class.path" value="C:\Users\ADMINI~1\AppData\Local\Temp\surefire3476582261615887836\surefirebooter9135461047999245821.jar"/>
    <property name="sun.boot.class.path" value="E:\Program Files\Java\jdk1.8.0_151\javaone\jre\lib\resources.jar;E:\Program Files\Java\jdk1.8.0_151\javaone\jre\lib\rt.jar;E:\Program Files\Java\jdk1.8.0_151\javaone\jre\lib\sunrsasign.jar;E:\Program Files\Java\jdk1.8.0_151\javaone\jre\lib\jsse.jar;E:\Program Files\Java\jdk1.8.0_151\javaone\jre\lib\jce.jar;E:\Program Files\Java\jdk1.8.0_151\javaone\jre\lib\charsets.jar;E:\Program Files\Java\jdk1.8.0_151\javaone\jre\lib\jfr.jar;E:\Program Files\Java\jdk1.8.0_151\javaone\jre\classes"/>
    <property name="user.script" value=""/>
    <property name="sun.management.compiler" value="HotSpot 64-Bit Tiered Compilers"/>
    <property name="java.runtime.version" value="1.8.0_151-b12"/>
    <property name="user.name" value="Administrator"/>
    <property name="path.separator" value=";"/>
    <property name="os.version" value="10.0"/>
    <property name="java.endorsed.dirs" value="E:\Program Files\Java\jdk1.8.0_151\javaone\jre\lib\endorsed"/>
    <property name="java.runtime.name" value="Java(TM) SE Runtime Environment"/>
    <property name="file.encoding" value="GBK"/>
    <property name="java.vm.name" value="Java HotSpot(TM) 64-Bit Server VM"/>
    <property name="localRepository" value="E:\repository"/>
    <property name="java.vendor.url.bug" value="http://bugreport.sun.com/bugreport/"/>
    <property name="java.io.tmpdir" value="C:\Users\ADMINI~1\AppData\Local\Temp\"/>
    <property name="java.version" value="1.8.0_151"/>
    <property name="user.dir" value="E:\javaWork\edu-cms"/>
    <property name="os.arch" value="amd64"/>
    <property name="java.vm.specification.name" value="Java Virtual Machine Specification"/>
    <property name="java.awt.printerjob" value="sun.awt.windows.WPrinterJob"/>
    <property name="idea.version2019.3.1" value="true"/>
    <property name="sun.os.patch.level" value=""/>
    <property name="java.library.path" value="E:\Program Files\Java\jdk1.8.0_151\javaone\jre\bin;C:\windows\Sun\Java\bin;C:\windows\system32;C:\windows;C:\ProgramData\Oracle\Java\javapath;E:\Program Files\Java\jdk1.8.0_151\javaone\bin;E:\Program Files\apache-maven-3.6.3\bin;e:\Program Files (x86)\Eziriz\.NET Reactor;C:\windows\system32;C:\windows;C:\windows\System32\Wbem;C:\windows\System32\WindowsPowerShell\v1.0\;E:\mysql\mysql-5.7.27\bin;C:\windows\System32\OpenSSH\;C:\Program Files\Microsoft\Web Platform Installer\;C:\Program Files (x86)\Microsoft ASP.NET\ASP.NET Web Pages\v1.0\;C:\Program Files (x86)\Windows Kits\8.0\Windows Performance Toolkit\;C:\Program Files\Microsoft SQL Server\110\Tools\Binn\;E:\Users;C:\Users\Administrator\AppData\Local\Microsoft\WindowsApps;;."/>
    <property name="java.vm.info" value="mixed mode"/>
    <property name="java.vendor" value="Oracle Corporation"/>
    <property name="java.vm.version" value="25.151-b12"/>
    <property name="java.ext.dirs" value="E:\Program Files\Java\jdk1.8.0_151\javaone\jre\lib\ext;C:\windows\Sun\Java\lib\ext"/>
    <property name="sun.io.unicode.encoding" value="UnicodeLittle"/>
    <property name="java.class.version" value="52.0"/>
  </properties>
  <testcase name="contextLoads" classname="com.example.edu.cms.CmsApplicationTests" time="0.393"/>
</testsuite>